sample.interval=20000
"file.exists" "find.package" "index.search" "help" "eval" "eval" "?" 
"gzfile" "readRDS" "index.search" "help" "eval" "eval" "?" 
"index.search" "help" "eval" "eval" "?" 
"browseURL" "print.help_files_with_topic" "<Anonymous>" 
"browseURL" "print.help_files_with_topic" "<Anonymous>" 
"browseURL" "print.help_files_with_topic" "<Anonymous>" 
"browseURL" "print.help_files_with_topic" "<Anonymous>" 
"browseURL" "print.help_files_with_topic" "<Anonymous>" 
"browseURL" "print.help_files_with_topic" "<Anonymous>" 
"browseURL" "print.help_files_with_topic" "<Anonymous>" 
"browseURL" "print.help_files_with_topic" "<Anonymous>" 
"grep" "isBlankLineRd" "addParaBreaks" "writeLines" "writeLinesUTF8" "of1" "writeBlock" "writeContent" "writeSection" "Rd2HTML" "<Anonymous>" "doTryCatch" "tryCatchOne" "tryCatchList" "tryCatch" "try" "withCallingHandlers" "<Anonymous>" 
"readRDS" "FUN" "lapply" ".rs.getCompletionsHelp" ".rs.rpc.get_completions" 
"tolower" "nchar" ".rs.startsWith" ".rs.fuzzyMatches" ".rs.selectFuzzyMatches" "FUN" "lapply" ".rs.getCompletionsHelp" ".rs.rpc.get_completions" 
"cmpTag" "cmpCallArgs" "cmpCallSymFun" "cmpCall" "cmp" "cmpSubsetDispatch" "h" "tryInline" "cmpCall" "cmp" "cmpSymbolAssign" "h" "tryInline" "cmpCall" "cmp" "h" "tryInline" "cmpCall" "cmp" "h" "tryInline" "cmpCall" "cmp" "h" "tryInline" "cmpCall" "cmp" "genCode" "cmpfun" "doTryCatch" "tryCatchOne" "tryCatchList" "tryCatch" "compiler:::tryCmpfun" ".rs.getCompletionsHelp" ".rs.rpc.get_completions" 
".Call" ".rs.scoreMatches" ".rs.sortCompletions" ".rs.getCompletionsHelp" ".rs.rpc.get_completions" 
".Call" ".rs.scoreMatches" ".rs.sortCompletions" ".rs.getCompletionsHelp" ".rs.rpc.get_completions" 
"gzfile" "readRDS" "doTryCatch" "tryCatchOne" "tryCatchList" "tryCatch" "FUN" "lapply" "find.package" "index.search" "help" "eval" "eval" "?" 
"close.connection" "close" "readRDS" "index.search" "help" "eval" "eval" "?" 
"tryCatch" "base::try" "withCallingHandlers" "base::suppressWarnings" 
"parse" "withCallingHandlers" "doTryCatch" "tryCatchOne" "tryCatchList" "tryCatch" ".rs.tryCatch" ".rs.parsePackageDependencies" ".rs.discoverPackageDependencies" ".rs.rpc.discover_package_dependencies" 
"findLocals1" "lapply" "FUN" "lapply" "findLocalsList1" "findLocalsList" "funEnv" "make.functionContext" "cmpfun" "doTryCatch" "tryCatchOne" "tryCatchList" "tryCatch" "compiler:::tryCmpfun" ".rs.getAnywhere" "withCallingHandlers" "doTryCatch" "tryCatchOne" "tryCatchList" "tryCatch" ".rs.tryCatch" ".rs.resolveObjectFromFunctionCall" ".rs.getCompletionsFunction" ".rs.getRCompletions" ".rs.appendCompletionsOptionalElement" ".rs.appendCompletions" ".rs.rpc.get_completions" 
".rs.getAnywhere" "withCallingHandlers" "doTryCatch" "tryCatchOne" "tryCatchList" "tryCatch" ".rs.tryCatch" ".rs.resolveObjectFromFunctionCall" ".rs.getCompletionsFunction" ".rs.getRCompletions" ".rs.appendCompletionsOptionalElement" ".rs.appendCompletions" ".rs.rpc.get_completions" 
".rs.resolveObjectFromFunctionCall" ".rs.getCompletionsArgument" ".rs.getCompletionsFunction" ".rs.getRCompletions" ".rs.appendCompletionsOptionalElement" ".rs.appendCompletions" ".rs.rpc.get_completions" 
".rs.objectsOnSearchPath" ".rs.getCompletionsSearchPath" "Reduce" ".rs.rpc.get_completions" 
"as.list.default" "as.list" "lapply" "FUN" "lapply" "findLocalsList1" "findLocalsList" "funEnv" "make.functionContext" "cmpfun" "doTryCatch" "tryCatchOne" "tryCatchList" "tryCatch" "compiler:::tryCmpfun" "validate_model" 
"cb$putcode" "cmpTag" "cmpCallArgs" "cmpCallSymFun" "cmpCall" "cmp" "h" "tryInline" "cmpCall" "cmp" "cmpSymbolAssign" "h" "tryInline" "cmpCall" "cmp" "h" "tryInline" "cmpCall" "cmp" "genCode" "cmpfun" "doTryCatch" "tryCatchOne" "tryCatchList" "tryCatch" "compiler:::tryCmpfun" "validate_model" 
"findCenvVar" "getInlineInfo" "tryInline" "cmpCall" "cmp" "cmpSymbolAssign" "h" "tryInline" "cmpCall" "cmp" "h" "tryInline" "cmpCall" "cmp" "genCode" "cmpfun" "doTryCatch" "tryCatchOne" "tryCatchList" "tryCatch" "compiler:::tryCmpfun" "validate_model" 
"exists" "findCenvVar" "getInlineInfo" "tryInline" "cmpCall" "cmp" "cmpPrim2" "h" "tryInline" "cmpCall" "cmp" "h" "tryInline" "cmpCall" "cmp" "cmpSymbolAssign" "h" "tryInline" "cmpCall" "cmp" "h" "tryInline" "cmpCall" "cmp" "genCode" "cmpfun" "doTryCatch" "tryCatchOne" "tryCatchList" "tryCatch" "compiler:::tryCmpfun" "validate_model" 
"pmatch" ".deparseOpts" "deparse" "paste" "collapse" "deparse0" "get_matches_expr" "get_matches_expr" "FUN" "lapply" "unlist" "ulapply" "grepl_expr" "find_terms" "terms_sm" "eval" "eval" "eval2" "do_call" "terms_lf" "brmsterms.brmsformula" "brmsterms" "validate_resp" "prepare_predictions.brmsfit" "prepare_predictions" "posterior_linpred.brmsfit" "posterior_linpred" "validate_model" 
"length" "parse" "str2expression" "eval2" "do_call" "split_re_terms" "terms_re" "eval" "eval" "eval2" "do_call" "terms_lf" "brmsterms.brmsformula" "brmsterms" "prepare_predictions.brmsfit" "prepare_predictions" "posterior_linpred.brmsfit" "posterior_linpred" "validate_model" 
"as.data.frame.character" "as.data.frame" "<Anonymous>" "do.call" "as.data.frame.list" "as.data.frame" "re_parts" "terms_re" "eval" "eval" "eval2" "do_call" "terms_lf" "brmsterms.brmsformula" "brmsterms" "standata.brmsfit" "standata" "prepare_predictions.brmsfit" "prepare_predictions" "posterior_linpred.brmsfit" "posterior_linpred" "validate_model" 
"as.integer" "draw_ids.draws_matrix" "draw_ids" "order" "order_draws.draws_matrix" "order_draws" "do_ordering" "repair_draws.draws_matrix" "repair_draws" "subset_draws.draws_matrix" "subset_draws" "prepare_draws" "prepare_predictions_ranef" "prepare_predictions.brmsfit" "prepare_predictions" "posterior_linpred.brmsfit" "posterior_linpred" "validate_model" 
"predictor.bprepl" "predictor" "get_dpar" "posterior_epred.brmsprep" "posterior_epred" "posterior_linpred.brmsfit" "posterior_linpred" "validate_model" 
".Call" ".local" "Matrix::tcrossprod" "Matrix::tcrossprod" "standardGeneric" "Matrix::as.matrix" ".predictor_re" "doTryCatch" "tryCatchOne" "tryCatchList" "tryCatch" "try" "predictor_re" "predictor.bprepl" "predictor" "get_dpar" "posterior_epred.brmsprep" "posterior_epred" "posterior_linpred.brmsfit" "posterior_linpred" "validate_model" 
"t.default" "t" "standardGeneric" "t" "validate_model" 
"unlist" "get_matches" "get_matches_expr" "get_matches_expr" "FUN" "lapply" "unlist" "ulapply" "grepl_expr" "find_terms" "terms_fe" "eval" "eval" "eval2" "do_call" "terms_lf" "brmsterms.brmsformula" "brmsterms" "validate_resp" "prepare_predictions.brmsfit" "prepare_predictions" "log_lik.brmsfit" ".fun" "eval" "eval" "eval2" "do_call" "prepare_loo_args" ".loo" "eval" "eval" "eval2" "do_call" ".fun" "eval" "eval" "eval2" "do_call" ".fun" "eval" "eval" "eval2" "do_call" "loo.brmsfit" "loo" "validate_model" 
"gregexpr" "regmatches" "get_matches" "re_mid" "re_parts" "terms_re" "eval" "eval" "eval2" "do_call" "terms_lf" "brmsterms.brmsformula" "brmsterms" "prepare_predictions.brmsfit" "prepare_predictions" "log_lik.brmsfit" ".fun" "eval" "eval" "eval2" "do_call" "prepare_loo_args" ".loo" "eval" "eval" "eval2" "do_call" ".fun" "eval" "eval" "eval2" "do_call" ".fun" "eval" "eval" "eval2" "do_call" "loo.brmsfit" "loo" "validate_model" 
"[.data.frame" "[" "terms_re" "eval" "eval" "eval2" "do_call" "terms_lf" "brmsterms.brmsformula" "brmsterms" "standata.brmsfit" "standata" "prepare_predictions.brmsfit" "prepare_predictions" "log_lik.brmsfit" ".fun" "eval" "eval" "eval2" "do_call" "prepare_loo_args" ".loo" "eval" "eval" "eval2" "do_call" ".fun" "eval" "eval" "eval2" "do_call" ".fun" "eval" "eval" "eval2" "do_call" "loo.brmsfit" "loo" "validate_model" 
"column_to_row_major_order" "prepare_predictions_ranef" "prepare_predictions.brmsfit" "prepare_predictions" "log_lik.brmsfit" ".fun" "eval" "eval" "eval2" "do_call" "prepare_loo_args" ".loo" "eval" "eval" "eval2" "do_call" ".fun" "eval" "eval" "eval2" "do_call" ".fun" "eval" "eval" "eval2" "do_call" "loo.brmsfit" "loo" "validate_model" 
".Call" ".local" "Matrix::tcrossprod" "Matrix::tcrossprod" "standardGeneric" "Matrix::as.matrix" ".predictor_re" "doTryCatch" "tryCatchOne" "tryCatchList" "tryCatch" "try" "predictor_re" "predi